1550819415358:translate "hello world!" --from en_US --to fr_FR
1550819434253:translate "hello world!" --from  --to fr_FR
1550819448264:translate "hello world!" --from --to fr_FR
1550827580497:translatee "hello world!" --from --to fr_FR
1550827585808:translate "hello world!" --from --to fr_FR
1550827609326:translate "hello world!" --fromrb --to fr_FR
1550827616839:translate "hello world!" --from --tofr_FR
1550827621081:translate "hello world!" --from --to fr_FR
1550827632509:translate "hello world!" --from en --to zh
1550827656107:translate "hello world!高新星" --from 英文 --to 中文
1550827680031:translate "hello world!高新星" --from "英文" --to "中文"
1550827692850:translate "hello world!高新星" --from tt --to tt
1550828601696:000
1550828746918:exit
1551148949190:translates fds
1551148968301:translate ""asdf
1551148979024:translate ""新星
1551148999452:translate "\nclear\n\n"
1551149002320:clear
1551149019397:translate ""kasdfasdfasdfasdfsdafsdfsd
1551149108233:gdfg ""daffasdfasdfaasfsdfsasdffdsfdsdsadfda
1552467567451:produce 123
1552467577446:produce -cid 123
1552467822617:produce --cid 123
1552469043201:p
1552469150749:produce --cid 666
1552469283545:produce --cid 126
1552472481364:produce --cid 1266
1552472881333:produce --cid 123456
1552473140817:produce --cid 1266
1552473185475:produce --cid 123456
1552473195815:produce --cid 123456789
1552473383268:produce --cid 1266
1552473510092:produce --cid 666
1552473518701:produce --cid 777
1552473608728:produce --cid 999
1552473765509:produce --cid 789
1552476205331:produce --cid 66
1552476262899:stacktrace
1552476318065:produce --cid 126
1552476581167:produce --cid 12666
1552476746494:stacktrace
1552478298212:produce --cid 66
1552478541311:produce --cid 77
1552478622104:stacktrace
1552479574128:produce --cid 77
1552479588391:stacktrace
1552479636336:clear
1552479728744:produce --cid 1266
1552479759276:produce --cid 12666666
1552479766235:produce --cid 1266
1552479789429:stacktrace
1552479863144:produce --cid 1266
1552480229565:stacktrace
1552480399815:produce --cid 888
1552480441304:produce --cid 1266
1552480556998:produce --cid 78
1552480591834:produce --cid 1266
1552481840811:produce --cid 12666
1552481857657:produce --cid 1266
1552642340829:produce --cid 126
1552642510298:produce --cid 166
1552642560513:produce --cid 126
1552642719855:produce --cid 1266
1552644769346:produce --cid 126
1552645134079:produce --cid 166666666
1552645199304:produce --cid 666
1552874588458:produce --cid 66
1552874693509:produce --cid 1266
